{"level":"info","message":"Listening on port 3000","timestamp":"2018-12-10T05:15:56.348Z"}
{"level":"info","message":"Connected to MongoDB","timestamp":"2018-12-10T05:15:56.379Z"}
{"level":"info","message":"Listening on port 3000","timestamp":"2018-12-13T01:15:01.619Z"}
{"level":"info","message":"Connected to mongodb://localhost/vidly...","timestamp":"2018-12-13T01:15:01.634Z"}
{"level":"info","message":"Listening on port 3000","timestamp":"2018-12-13T01:15:36.837Z"}
{"level":"info","message":"Connected to mongodb://localhost/vidly_tests...","timestamp":"2018-12-13T01:15:36.853Z"}
{"level":"info","message":"Listening on port 3000","timestamp":"2018-12-13T01:25:16.768Z"}
{"message":"Could not get the genres.","stack":"Error: Could not get the genres.\n    at Object.<anonymous>.routes.get (/home/peter/code/mosh/vidly-api/routes/genre.js:9:11)\n    at newFn (/home/peter/code/mosh/vidly-api/node_modules/express-async-errors/index.js:16:20)\n    at Layer.handle [as handle_request] (/home/peter/code/mosh/vidly-api/node_modules/express/lib/router/layer.js:95:5)\n    at next (/home/peter/code/mosh/vidly-api/node_modules/express/lib/router/route.js:137:13)\n    at Route.dispatch (/home/peter/code/mosh/vidly-api/node_modules/express/lib/router/route.js:112:3)\n    at newFn (/home/peter/code/mosh/vidly-api/node_modules/express-async-errors/index.js:16:20)\n    at Layer.handle [as handle_request] (/home/peter/code/mosh/vidly-api/node_modules/express/lib/router/layer.js:95:5)\n    at /home/peter/code/mosh/vidly-api/node_modules/express/lib/router/index.js:281:22\n    at Function.process_params (/home/peter/code/mosh/vidly-api/node_modules/express/lib/router/index.js:335:12)\n    at next (/home/peter/code/mosh/vidly-api/node_modules/express/lib/router/index.js:275:10)\n    at Function.handle (/home/peter/code/mosh/vidly-api/node_modules/express/lib/router/index.js:174:3)\n    at router (/home/peter/code/mosh/vidly-api/node_modules/express/lib/router/index.js:47:12)\n    at newFn (/home/peter/code/mosh/vidly-api/node_modules/express-async-errors/index.js:16:20)\n    at Layer.handle [as handle_request] (/home/peter/code/mosh/vidly-api/node_modules/express/lib/router/layer.js:95:5)\n    at trim_prefix (/home/peter/code/mosh/vidly-api/node_modules/express/lib/router/index.js:317:13)\n    at /home/peter/code/mosh/vidly-api/node_modules/express/lib/router/index.js:284:7\n    at Function.process_params (/home/peter/code/mosh/vidly-api/node_modules/express/lib/router/index.js:335:12)\n    at next (/home/peter/code/mosh/vidly-api/node_modules/express/lib/router/index.js:275:10)\n    at jsonParser (/home/peter/code/mosh/vidly-api/node_modules/body-parser/lib/types/json.js:110:7)\n    at newFn (/home/peter/code/mosh/vidly-api/node_modules/express-async-errors/index.js:16:20)\n    at Layer.handle [as handle_request] (/home/peter/code/mosh/vidly-api/node_modules/express/lib/router/layer.js:95:5)\n    at trim_prefix (/home/peter/code/mosh/vidly-api/node_modules/express/lib/router/index.js:317:13)\n    at /home/peter/code/mosh/vidly-api/node_modules/express/lib/router/index.js:284:7\n    at Function.process_params (/home/peter/code/mosh/vidly-api/node_modules/express/lib/router/index.js:335:12)\n    at next (/home/peter/code/mosh/vidly-api/node_modules/express/lib/router/index.js:275:10)\n    at expressInit (/home/peter/code/mosh/vidly-api/node_modules/express/lib/middleware/init.js:40:5)\n    at newFn (/home/peter/code/mosh/vidly-api/node_modules/express-async-errors/index.js:16:20)\n    at Layer.handle [as handle_request] (/home/peter/code/mosh/vidly-api/node_modules/express/lib/router/layer.js:95:5)\n    at trim_prefix (/home/peter/code/mosh/vidly-api/node_modules/express/lib/router/index.js:317:13)\n    at /home/peter/code/mosh/vidly-api/node_modules/express/lib/router/index.js:284:7\n    at Function.process_params (/home/peter/code/mosh/vidly-api/node_modules/express/lib/router/index.js:335:12)\n    at next (/home/peter/code/mosh/vidly-api/node_modules/express/lib/router/index.js:275:10)\n    at query (/home/peter/code/mosh/vidly-api/node_modules/express/lib/middleware/query.js:45:5)\n    at newFn (/home/peter/code/mosh/vidly-api/node_modules/express-async-errors/index.js:16:20)\n    at Layer.handle [as handle_request] (/home/peter/code/mosh/vidly-api/node_modules/express/lib/router/layer.js:95:5)\n    at trim_prefix (/home/peter/code/mosh/vidly-api/node_modules/express/lib/router/index.js:317:13)\n    at /home/peter/code/mosh/vidly-api/node_modules/express/lib/router/index.js:284:7\n    at Function.process_params (/home/peter/code/mosh/vidly-api/node_modules/express/lib/router/index.js:335:12)\n    at next (/home/peter/code/mosh/vidly-api/node_modules/express/lib/router/index.js:275:10)\n    at Function.handle (/home/peter/code/mosh/vidly-api/node_modules/express/lib/router/index.js:174:3)\n    at Function.handle (/home/peter/code/mosh/vidly-api/node_modules/express/lib/application.js:174:10)\n    at Server.app (/home/peter/code/mosh/vidly-api/node_modules/express/lib/express.js:39:9)\n    at Server.emit (events.js:182:13)\n    at parserOnIncoming (_http_server.js:672:12)\n    at HTTPParser.parserOnHeadersComplete (_http_common.js:109:17)","level":"error","timestamp":"2018-12-13T01:25:16.796Z"}
{"level":"info","message":"Connected to mongodb://localhost/vidly_tests...","timestamp":"2018-12-13T01:25:16.848Z"}
{"level":"info","message":"Listening on port 3000","timestamp":"2018-12-13T01:27:16.650Z"}
{"level":"info","message":"Connected to mongodb://localhost/vidly_tests...","timestamp":"2018-12-13T01:27:16.689Z"}
{"level":"info","message":"Listening on port 3000","timestamp":"2018-12-13T01:27:36.215Z"}
{"level":"info","message":"Connected to mongodb://localhost/vidly_tests...","timestamp":"2018-12-13T01:27:36.248Z"}
{"level":"info","message":"Listening on port 3000","timestamp":"2018-12-13T01:27:39.168Z"}
{"level":"info","message":"Connected to mongodb://localhost/vidly_tests...","timestamp":"2018-12-13T01:27:39.189Z"}
{"level":"info","message":"Listening on port 3000","timestamp":"2018-12-13T01:28:45.823Z"}
{"level":"info","message":"Connected to mongodb://localhost/vidly_tests...","timestamp":"2018-12-13T01:28:45.843Z"}
{"level":"info","message":"Listening on port 3000","timestamp":"2018-12-13T01:28:56.837Z"}
{"level":"info","message":"Connected to mongodb://localhost/vidly_tests...","timestamp":"2018-12-13T01:28:56.864Z"}
{"level":"info","message":"Listening on port 3000","timestamp":"2018-12-13T01:29:02.628Z"}
{"level":"info","message":"Connected to mongodb://localhost/vidly_tests...","timestamp":"2018-12-13T01:29:02.661Z"}
{"level":"info","message":"Listening on port 3000","timestamp":"2018-12-13T01:29:08.762Z"}
{"level":"info","message":"Connected to mongodb://localhost/vidly_tests...","timestamp":"2018-12-13T01:29:08.791Z"}
{"level":"info","message":"Listening on port 3000","timestamp":"2018-12-13T01:29:47.403Z"}
{"level":"info","message":"Connected to mongodb://localhost/vidly_tests...","timestamp":"2018-12-13T01:29:47.455Z"}
{"level":"info","message":"Listening on port 3000","timestamp":"2018-12-13T01:29:54.862Z"}
{"message":"res.sed is not a function","stack":"TypeError: res.sed is not a function\n    at sed (/home/peter/code/mosh/vidly-api/routes/genre.js:9:9)\n    at newFn (/home/peter/code/mosh/vidly-api/node_modules/express-async-errors/index.js:16:20)\n    at Layer.handle [as handle_request] (/home/peter/code/mosh/vidly-api/node_modules/express/lib/router/layer.js:95:5)\n    at next (/home/peter/code/mosh/vidly-api/node_modules/express/lib/router/route.js:137:13)\n    at Route.dispatch (/home/peter/code/mosh/vidly-api/node_modules/express/lib/router/route.js:112:3)\n    at newFn (/home/peter/code/mosh/vidly-api/node_modules/express-async-errors/index.js:16:20)\n    at Layer.handle [as handle_request] (/home/peter/code/mosh/vidly-api/node_modules/express/lib/router/layer.js:95:5)\n    at /home/peter/code/mosh/vidly-api/node_modules/express/lib/router/index.js:281:22\n    at Function.process_params (/home/peter/code/mosh/vidly-api/node_modules/express/lib/router/index.js:335:12)\n    at next (/home/peter/code/mosh/vidly-api/node_modules/express/lib/router/index.js:275:10)\n    at Function.handle (/home/peter/code/mosh/vidly-api/node_modules/express/lib/router/index.js:174:3)\n    at router (/home/peter/code/mosh/vidly-api/node_modules/express/lib/router/index.js:47:12)\n    at newFn (/home/peter/code/mosh/vidly-api/node_modules/express-async-errors/index.js:16:20)\n    at Layer.handle [as handle_request] (/home/peter/code/mosh/vidly-api/node_modules/express/lib/router/layer.js:95:5)\n    at trim_prefix (/home/peter/code/mosh/vidly-api/node_modules/express/lib/router/index.js:317:13)\n    at /home/peter/code/mosh/vidly-api/node_modules/express/lib/router/index.js:284:7\n    at Function.process_params (/home/peter/code/mosh/vidly-api/node_modules/express/lib/router/index.js:335:12)\n    at next (/home/peter/code/mosh/vidly-api/node_modules/express/lib/router/index.js:275:10)\n    at jsonParser (/home/peter/code/mosh/vidly-api/node_modules/body-parser/lib/types/json.js:110:7)\n    at newFn (/home/peter/code/mosh/vidly-api/node_modules/express-async-errors/index.js:16:20)\n    at Layer.handle [as handle_request] (/home/peter/code/mosh/vidly-api/node_modules/express/lib/router/layer.js:95:5)\n    at trim_prefix (/home/peter/code/mosh/vidly-api/node_modules/express/lib/router/index.js:317:13)\n    at /home/peter/code/mosh/vidly-api/node_modules/express/lib/router/index.js:284:7\n    at Function.process_params (/home/peter/code/mosh/vidly-api/node_modules/express/lib/router/index.js:335:12)\n    at next (/home/peter/code/mosh/vidly-api/node_modules/express/lib/router/index.js:275:10)\n    at expressInit (/home/peter/code/mosh/vidly-api/node_modules/express/lib/middleware/init.js:40:5)\n    at newFn (/home/peter/code/mosh/vidly-api/node_modules/express-async-errors/index.js:16:20)\n    at Layer.handle [as handle_request] (/home/peter/code/mosh/vidly-api/node_modules/express/lib/router/layer.js:95:5)\n    at trim_prefix (/home/peter/code/mosh/vidly-api/node_modules/express/lib/router/index.js:317:13)\n    at /home/peter/code/mosh/vidly-api/node_modules/express/lib/router/index.js:284:7\n    at Function.process_params (/home/peter/code/mosh/vidly-api/node_modules/express/lib/router/index.js:335:12)\n    at next (/home/peter/code/mosh/vidly-api/node_modules/express/lib/router/index.js:275:10)\n    at query (/home/peter/code/mosh/vidly-api/node_modules/express/lib/middleware/query.js:45:5)\n    at newFn (/home/peter/code/mosh/vidly-api/node_modules/express-async-errors/index.js:16:20)\n    at Layer.handle [as handle_request] (/home/peter/code/mosh/vidly-api/node_modules/express/lib/router/layer.js:95:5)\n    at trim_prefix (/home/peter/code/mosh/vidly-api/node_modules/express/lib/router/index.js:317:13)\n    at /home/peter/code/mosh/vidly-api/node_modules/express/lib/router/index.js:284:7\n    at Function.process_params (/home/peter/code/mosh/vidly-api/node_modules/express/lib/router/index.js:335:12)\n    at next (/home/peter/code/mosh/vidly-api/node_modules/express/lib/router/index.js:275:10)\n    at Function.handle (/home/peter/code/mosh/vidly-api/node_modules/express/lib/router/index.js:174:3)\n    at Function.handle (/home/peter/code/mosh/vidly-api/node_modules/express/lib/application.js:174:10)\n    at Server.app (/home/peter/code/mosh/vidly-api/node_modules/express/lib/express.js:39:9)\n    at Server.emit (events.js:182:13)\n    at parserOnIncoming (_http_server.js:672:12)\n    at HTTPParser.parserOnHeadersComplete (_http_common.js:109:17)","level":"error","timestamp":"2018-12-13T01:29:54.873Z"}
{"level":"info","message":"Connected to mongodb://localhost/vidly_tests...","timestamp":"2018-12-13T01:29:54.922Z"}
{"level":"info","message":"Listening on port 3000","timestamp":"2018-12-13T01:30:06.152Z"}
{"level":"info","message":"Connected to mongodb://localhost/vidly_tests...","timestamp":"2018-12-13T01:30:06.173Z"}
{"level":"info","message":"Listening on port 3000","timestamp":"2018-12-13T01:30:14.828Z"}
{"level":"info","message":"Connected to mongodb://localhost/vidly_tests...","timestamp":"2018-12-13T01:30:14.849Z"}
{"level":"info","message":"Listening on port 3000","timestamp":"2018-12-13T01:30:20.966Z"}
{"level":"info","message":"Connected to mongodb://localhost/vidly_tests...","timestamp":"2018-12-13T01:30:20.987Z"}
{"level":"info","message":"Listening on port 3000","timestamp":"2018-12-13T01:30:25.844Z"}
{"level":"info","message":"Connected to mongodb://localhost/vidly_tests...","timestamp":"2018-12-13T01:30:25.864Z"}
{"level":"info","message":"Listening on port 3000","timestamp":"2018-12-14T00:49:08.272Z"}
{"level":"info","message":"Connected to mongodb://localhost/vidly_tests...","timestamp":"2018-12-14T00:49:08.416Z"}
{"level":"info","message":"Listening on port 3000","timestamp":"2018-12-14T00:49:30.380Z"}
{"level":"info","message":"Connected to mongodb://localhost/vidly_tests...","timestamp":"2018-12-14T00:49:30.421Z"}
{"level":"info","message":"Listening on port 3000","timestamp":"2018-12-14T00:49:35.639Z"}
{"level":"info","message":"Connected to mongodb://localhost/vidly_tests...","timestamp":"2018-12-14T00:49:35.662Z"}
{"level":"info","message":"Listening on port 3000","timestamp":"2018-12-14T00:50:15.993Z"}
{"level":"info","message":"Connected to mongodb://localhost/vidly_tests...","timestamp":"2018-12-14T00:50:16.019Z"}
{"level":"info","message":"Listening on port 3000","timestamp":"2018-12-14T00:50:17.615Z"}
{"level":"info","message":"Connected to mongodb://localhost/vidly_tests...","timestamp":"2018-12-14T00:50:17.659Z"}
{"level":"info","message":"Listening on port 3000","timestamp":"2018-12-14T00:50:23.614Z"}
{"level":"info","message":"Connected to mongodb://localhost/vidly_tests...","timestamp":"2018-12-14T00:50:23.654Z"}
{"level":"info","message":"Listening on port 3000","timestamp":"2018-12-14T00:50:25.538Z"}
{"level":"info","message":"Connected to mongodb://localhost/vidly_tests...","timestamp":"2018-12-14T00:50:25.573Z"}
{"level":"info","message":"Listening on port 3000","timestamp":"2018-12-14T00:50:30.627Z"}
{"level":"info","message":"Connected to mongodb://localhost/vidly_tests...","timestamp":"2018-12-14T00:50:30.669Z"}
{"level":"info","message":"Listening on port 3000","timestamp":"2018-12-14T00:50:42.507Z"}
{"level":"info","message":"Connected to mongodb://localhost/vidly_tests...","timestamp":"2018-12-14T00:50:42.536Z"}
{"level":"info","message":"Listening on port 3000","timestamp":"2018-12-14T00:51:05.466Z"}
{"level":"info","message":"Connected to mongodb://localhost/vidly_tests...","timestamp":"2018-12-14T00:51:05.509Z"}
{"level":"info","message":"Listening on port 3000","timestamp":"2018-12-14T00:51:22.146Z"}
{"level":"info","message":"Connected to mongodb://localhost/vidly_tests...","timestamp":"2018-12-14T00:51:22.170Z"}
{"level":"info","message":"Listening on port 3000","timestamp":"2018-12-14T00:52:30.108Z"}
{"level":"info","message":"Connected to mongodb://localhost/vidly_tests...","timestamp":"2018-12-14T00:52:30.146Z"}
{"level":"info","message":"Listening on port 3000","timestamp":"2018-12-14T00:52:38.512Z"}
{"level":"info","message":"Connected to mongodb://localhost/vidly_tests...","timestamp":"2018-12-14T00:52:38.536Z"}
{"level":"info","message":"Listening on port 3000","timestamp":"2018-12-14T00:52:51.561Z"}
{"level":"info","message":"Connected to mongodb://localhost/vidly_tests...","timestamp":"2018-12-14T00:52:51.599Z"}
{"level":"info","message":"Listening on port 3000","timestamp":"2018-12-14T00:52:58.860Z"}
{"level":"info","message":"Connected to mongodb://localhost/vidly_tests...","timestamp":"2018-12-14T00:52:58.909Z"}
{"level":"info","message":"Listening on port 3000","timestamp":"2018-12-14T00:53:04.545Z"}
{"level":"info","message":"Connected to mongodb://localhost/vidly_tests...","timestamp":"2018-12-14T00:53:04.585Z"}
{"level":"info","message":"Listening on port 3000","timestamp":"2018-12-14T00:53:06.180Z"}
{"level":"info","message":"Connected to mongodb://localhost/vidly_tests...","timestamp":"2018-12-14T00:53:06.217Z"}
{"level":"info","message":"Listening on port 3000","timestamp":"2018-12-14T00:53:15.161Z"}
{"level":"info","message":"Connected to mongodb://localhost/vidly_tests...","timestamp":"2018-12-14T00:53:15.200Z"}
{"level":"info","message":"Listening on port 3000","timestamp":"2018-12-14T00:53:17.931Z"}
{"level":"info","message":"Connected to mongodb://localhost/vidly_tests...","timestamp":"2018-12-14T00:53:17.975Z"}
{"level":"info","message":"Listening on port 3000","timestamp":"2018-12-14T00:54:51.777Z"}
{"level":"info","message":"Connected to mongodb://localhost/vidly_tests...","timestamp":"2018-12-14T00:54:51.820Z"}
{"level":"info","message":"Listening on port 3000","timestamp":"2018-12-14T00:54:59.576Z"}
{"level":"info","message":"Connected to mongodb://localhost/vidly_tests...","timestamp":"2018-12-14T00:54:59.617Z"}
{"level":"info","message":"Listening on port 3000","timestamp":"2018-12-14T00:55:03.349Z"}
{"level":"info","message":"Connected to mongodb://localhost/vidly_tests...","timestamp":"2018-12-14T00:55:03.390Z"}
{"level":"info","message":"Listening on port 3000","timestamp":"2018-12-14T00:55:06.273Z"}
{"level":"info","message":"Connected to mongodb://localhost/vidly_tests...","timestamp":"2018-12-14T00:55:06.309Z"}
{"level":"info","message":"Listening on port 3000","timestamp":"2018-12-14T00:55:09.015Z"}
{"level":"info","message":"Connected to mongodb://localhost/vidly_tests...","timestamp":"2018-12-14T00:55:09.038Z"}
{"level":"info","message":"Listening on port 3000","timestamp":"2018-12-14T00:55:11.060Z"}
{"level":"info","message":"Connected to mongodb://localhost/vidly_tests...","timestamp":"2018-12-14T00:55:11.098Z"}
{"level":"info","message":"Listening on port 3000","timestamp":"2018-12-14T00:55:12.875Z"}
{"level":"info","message":"Connected to mongodb://localhost/vidly_tests...","timestamp":"2018-12-14T00:55:12.912Z"}
{"level":"info","message":"Listening on port 3000","timestamp":"2018-12-14T00:55:15.644Z"}
{"level":"info","message":"Connected to mongodb://localhost/vidly_tests...","timestamp":"2018-12-14T00:55:15.682Z"}
{"level":"info","message":"Listening on port 3000","timestamp":"2018-12-14T00:55:19.768Z"}
{"level":"info","message":"Connected to mongodb://localhost/vidly_tests...","timestamp":"2018-12-14T00:55:19.791Z"}
{"level":"info","message":"Listening on port 3000","timestamp":"2018-12-14T00:55:31.107Z"}
{"level":"info","message":"Connected to mongodb://localhost/vidly_tests...","timestamp":"2018-12-14T00:55:31.150Z"}
{"level":"info","message":"Listening on port 3000","timestamp":"2018-12-14T00:55:51.856Z"}
{"level":"info","message":"Connected to mongodb://localhost/vidly_tests...","timestamp":"2018-12-14T00:55:51.902Z"}
{"level":"info","message":"Listening on port 3000","timestamp":"2018-12-14T00:55:57.300Z"}
{"level":"info","message":"Connected to mongodb://localhost/vidly_tests...","timestamp":"2018-12-14T00:55:57.324Z"}
{"level":"info","message":"Listening on port 3000","timestamp":"2018-12-14T00:56:26.887Z"}
{"level":"info","message":"Connected to mongodb://localhost/vidly_tests...","timestamp":"2018-12-14T00:56:26.925Z"}
{"level":"info","message":"Listening on port 3000","timestamp":"2018-12-14T00:56:35.632Z"}
{"level":"info","message":"Connected to mongodb://localhost/vidly_tests...","timestamp":"2018-12-14T00:56:35.673Z"}
{"level":"info","message":"Listening on port 3000","timestamp":"2018-12-14T00:56:37.914Z"}
{"level":"info","message":"Connected to mongodb://localhost/vidly_tests...","timestamp":"2018-12-14T00:56:37.955Z"}
{"level":"info","message":"Listening on port 3000","timestamp":"2018-12-14T00:56:40.079Z"}
{"level":"info","message":"Connected to mongodb://localhost/vidly_tests...","timestamp":"2018-12-14T00:56:40.122Z"}
{"level":"info","message":"Listening on port 3000","timestamp":"2018-12-14T00:56:47.514Z"}
{"level":"info","message":"Connected to mongodb://localhost/vidly_tests...","timestamp":"2018-12-14T00:56:47.555Z"}
{"level":"info","message":"Listening on port 3000","timestamp":"2018-12-14T00:56:59.920Z"}
{"level":"info","message":"Connected to mongodb://localhost/vidly_tests...","timestamp":"2018-12-14T00:56:59.961Z"}
{"level":"info","message":"Listening on port 3000","timestamp":"2018-12-14T00:57:04.117Z"}
{"level":"info","message":"Connected to mongodb://localhost/vidly_tests...","timestamp":"2018-12-14T00:57:04.142Z"}
{"level":"info","message":"Listening on port 3000","timestamp":"2018-12-14T00:57:08.240Z"}
{"level":"info","message":"Connected to mongodb://localhost/vidly_tests...","timestamp":"2018-12-14T00:57:08.275Z"}
{"level":"info","message":"Listening on port 3000","timestamp":"2018-12-14T00:57:14.620Z"}
{"level":"info","message":"Connected to mongodb://localhost/vidly_tests...","timestamp":"2018-12-14T00:57:14.645Z"}
{"level":"info","message":"Listening on port 3000","timestamp":"2018-12-14T00:57:17.173Z"}
{"level":"info","message":"Connected to mongodb://localhost/vidly_tests...","timestamp":"2018-12-14T00:57:17.214Z"}
{"level":"info","message":"Listening on port 3000","timestamp":"2018-12-14T00:57:20.893Z"}
{"level":"info","message":"Connected to mongodb://localhost/vidly_tests...","timestamp":"2018-12-14T00:57:20.916Z"}
{"level":"info","message":"Listening on port 3000","timestamp":"2018-12-14T00:57:33.247Z"}
{"level":"info","message":"Connected to mongodb://localhost/vidly_tests...","timestamp":"2018-12-14T00:57:33.290Z"}
{"level":"info","message":"Listening on port 3000","timestamp":"2018-12-14T00:57:39.160Z"}
{"level":"info","message":"Connected to mongodb://localhost/vidly_tests...","timestamp":"2018-12-14T00:57:39.187Z"}
{"level":"info","message":"Listening on port 3000","timestamp":"2018-12-14T00:57:40.688Z"}
{"level":"info","message":"Connected to mongodb://localhost/vidly_tests...","timestamp":"2018-12-14T00:57:40.711Z"}
{"level":"info","message":"Listening on port 3000","timestamp":"2018-12-14T00:57:50.838Z"}
{"level":"info","message":"Connected to mongodb://localhost/vidly_tests...","timestamp":"2018-12-14T00:57:50.895Z"}
{"level":"info","message":"Listening on port 3000","timestamp":"2018-12-14T00:58:01.183Z"}
{"level":"info","message":"Connected to mongodb://localhost/vidly_tests...","timestamp":"2018-12-14T00:58:01.224Z"}
{"level":"info","message":"Listening on port 3000","timestamp":"2018-12-14T00:58:06.800Z"}
{"level":"info","message":"Connected to mongodb://localhost/vidly_tests...","timestamp":"2018-12-14T00:58:06.845Z"}
{"level":"info","message":"Listening on port 3000","timestamp":"2018-12-14T00:58:09.144Z"}
{"level":"info","message":"Connected to mongodb://localhost/vidly_tests...","timestamp":"2018-12-14T00:58:09.185Z"}
{"level":"info","message":"Listening on port 3000","timestamp":"2018-12-14T00:58:14.924Z"}
{"level":"info","message":"Connected to mongodb://localhost/vidly_tests...","timestamp":"2018-12-14T00:58:14.964Z"}
{"level":"info","message":"Listening on port 3000","timestamp":"2018-12-14T00:58:18.870Z"}
{"level":"info","message":"Connected to mongodb://localhost/vidly_tests...","timestamp":"2018-12-14T00:58:18.912Z"}
{"level":"info","message":"Listening on port 3000","timestamp":"2018-12-14T00:58:21.861Z"}
{"level":"info","message":"Connected to mongodb://localhost/vidly_tests...","timestamp":"2018-12-14T00:58:21.898Z"}
{"level":"info","message":"Listening on port 3000","timestamp":"2018-12-14T00:58:26.729Z"}
{"level":"info","message":"Connected to mongodb://localhost/vidly_tests...","timestamp":"2018-12-14T00:58:26.766Z"}
{"level":"info","message":"Listening on port 3000","timestamp":"2018-12-14T00:58:28.322Z"}
{"level":"info","message":"Connected to mongodb://localhost/vidly_tests...","timestamp":"2018-12-14T00:58:28.345Z"}
{"level":"info","message":"Listening on port 3000","timestamp":"2018-12-14T00:58:40.827Z"}
{"level":"info","message":"Connected to mongodb://localhost/vidly_tests...","timestamp":"2018-12-14T00:58:40.869Z"}
{"level":"info","message":"Listening on port 3000","timestamp":"2018-12-14T00:59:28.491Z"}
{"level":"info","message":"Connected to mongodb://localhost/vidly_tests...","timestamp":"2018-12-14T00:59:28.532Z"}
{"level":"info","message":"Listening on port 3000","timestamp":"2018-12-14T00:59:32.361Z"}
{"level":"info","message":"Connected to mongodb://localhost/vidly_tests...","timestamp":"2018-12-14T00:59:32.385Z"}
{"level":"info","message":"Listening on port 3000","timestamp":"2018-12-14T00:59:35.917Z"}
{"level":"info","message":"Connected to mongodb://localhost/vidly_tests...","timestamp":"2018-12-14T00:59:35.958Z"}
{"level":"info","message":"Listening on port 3000","timestamp":"2018-12-14T00:59:37.687Z"}
{"level":"info","message":"Connected to mongodb://localhost/vidly_tests...","timestamp":"2018-12-14T00:59:37.728Z"}
{"level":"info","message":"Listening on port 3000","timestamp":"2018-12-14T00:59:44.086Z"}
{"level":"info","message":"Connected to mongodb://localhost/vidly_tests...","timestamp":"2018-12-14T00:59:44.135Z"}
{"level":"info","message":"Listening on port 3000","timestamp":"2018-12-14T01:00:10.751Z"}
{"level":"info","message":"Connected to mongodb://localhost/vidly_tests...","timestamp":"2018-12-14T01:00:10.796Z"}
{"level":"info","message":"Listening on port 3000","timestamp":"2018-12-14T01:00:27.394Z"}
{"level":"info","message":"Connected to mongodb://localhost/vidly_tests...","timestamp":"2018-12-14T01:00:27.434Z"}
{"level":"info","message":"Listening on port 3000","timestamp":"2018-12-14T01:00:53.902Z"}
{"level":"info","message":"Connected to mongodb://localhost/vidly_tests...","timestamp":"2018-12-14T01:00:53.942Z"}
{"level":"info","message":"Listening on port 3000","timestamp":"2018-12-14T01:01:25.175Z"}
{"level":"info","message":"Connected to mongodb://localhost/vidly_tests...","timestamp":"2018-12-14T01:01:25.218Z"}
{"message":"Cast to ObjectId failed for value \"1\" at path \"_id\" for model \"Genre\"","stack":"CastError: Cast to ObjectId failed for value \"1\" at path \"_id\" for model \"Genre\"\n    at new CastError (/home/peter/code/mosh/vidly-api/node_modules/mongoose/lib/error/cast.js:29:11)\n    at ObjectId.Object.<anonymous>.ObjectId.cast (/home/peter/code/mosh/vidly-api/node_modules/mongoose/lib/schema/objectid.js:156:13)\n    at ObjectId.Object.<anonymous>.SchemaType.applySetters (/home/peter/code/mosh/vidly-api/node_modules/mongoose/lib/schematype.js:790:12)\n    at ObjectId.Object.<anonymous>.SchemaType._castForQuery (/home/peter/code/mosh/vidly-api/node_modules/mongoose/lib/schematype.js:1193:15)\n    at ObjectId.Object.<anonymous>.SchemaType.castForQuery (/home/peter/code/mosh/vidly-api/node_modules/mongoose/lib/schematype.js:1183:15)\n    at ObjectId.Object.<anonymous>.SchemaType.castForQueryWrapper (/home/peter/code/mosh/vidly-api/node_modules/mongoose/lib/schematype.js:1162:15)\n    at cast (/home/peter/code/mosh/vidly-api/node_modules/mongoose/lib/cast.js:306:32)\n    at model.Query.Object.<anonymous>.Query.cast (/home/peter/code/mosh/vidly-api/node_modules/mongoose/lib/query.js:4024:12)\n    at model.Query.Object.<anonymous>.Query._castConditions (/home/peter/code/mosh/vidly-api/node_modules/mongoose/lib/query.js:1690:10)\n    at model.Query.Object.<anonymous>.Query._findOne (/home/peter/code/mosh/vidly-api/node_modules/mongoose/lib/query.js:1926:8)\n    at process.nextTick (/home/peter/code/mosh/vidly-api/node_modules/kareem/index.js:369:33)\n    at process._tickCallback (internal/process/next_tick.js:61:11)","name":"CastError","stringValue":"\"1\"","kind":"ObjectId","value":"1","path":"_id","level":"error","timestamp":"2018-12-14T01:01:25.250Z"}
{"level":"info","message":"Listening on port 3000","timestamp":"2018-12-14T01:01:33.920Z"}
{"level":"info","message":"Connected to mongodb://localhost/vidly_tests...","timestamp":"2018-12-14T01:01:33.956Z"}
{"message":"Cast to ObjectId failed for value \"1\" at path \"_id\" for model \"Genre\"","stack":"CastError: Cast to ObjectId failed for value \"1\" at path \"_id\" for model \"Genre\"\n    at new CastError (/home/peter/code/mosh/vidly-api/node_modules/mongoose/lib/error/cast.js:29:11)\n    at ObjectId.Object.<anonymous>.ObjectId.cast (/home/peter/code/mosh/vidly-api/node_modules/mongoose/lib/schema/objectid.js:156:13)\n    at ObjectId.Object.<anonymous>.SchemaType.applySetters (/home/peter/code/mosh/vidly-api/node_modules/mongoose/lib/schematype.js:790:12)\n    at ObjectId.Object.<anonymous>.SchemaType._castForQuery (/home/peter/code/mosh/vidly-api/node_modules/mongoose/lib/schematype.js:1193:15)\n    at ObjectId.Object.<anonymous>.SchemaType.castForQuery (/home/peter/code/mosh/vidly-api/node_modules/mongoose/lib/schematype.js:1183:15)\n    at ObjectId.Object.<anonymous>.SchemaType.castForQueryWrapper (/home/peter/code/mosh/vidly-api/node_modules/mongoose/lib/schematype.js:1162:15)\n    at cast (/home/peter/code/mosh/vidly-api/node_modules/mongoose/lib/cast.js:306:32)\n    at model.Query.Object.<anonymous>.Query.cast (/home/peter/code/mosh/vidly-api/node_modules/mongoose/lib/query.js:4024:12)\n    at model.Query.Object.<anonymous>.Query._castConditions (/home/peter/code/mosh/vidly-api/node_modules/mongoose/lib/query.js:1690:10)\n    at model.Query.Object.<anonymous>.Query._findOne (/home/peter/code/mosh/vidly-api/node_modules/mongoose/lib/query.js:1926:8)\n    at process.nextTick (/home/peter/code/mosh/vidly-api/node_modules/kareem/index.js:369:33)\n    at process._tickCallback (internal/process/next_tick.js:61:11)","name":"CastError","stringValue":"\"1\"","kind":"ObjectId","value":"1","path":"_id","level":"error","timestamp":"2018-12-14T01:01:33.994Z"}
{"level":"info","message":"Listening on port 3000","timestamp":"2018-12-14T01:01:36.384Z"}
{"level":"info","message":"Connected to mongodb://localhost/vidly_tests...","timestamp":"2018-12-14T01:01:36.426Z"}
{"message":"Cast to ObjectId failed for value \"1\" at path \"_id\" for model \"Genre\"","stack":"CastError: Cast to ObjectId failed for value \"1\" at path \"_id\" for model \"Genre\"\n    at new CastError (/home/peter/code/mosh/vidly-api/node_modules/mongoose/lib/error/cast.js:29:11)\n    at ObjectId.Object.<anonymous>.ObjectId.cast (/home/peter/code/mosh/vidly-api/node_modules/mongoose/lib/schema/objectid.js:156:13)\n    at ObjectId.Object.<anonymous>.SchemaType.applySetters (/home/peter/code/mosh/vidly-api/node_modules/mongoose/lib/schematype.js:790:12)\n    at ObjectId.Object.<anonymous>.SchemaType._castForQuery (/home/peter/code/mosh/vidly-api/node_modules/mongoose/lib/schematype.js:1193:15)\n    at ObjectId.Object.<anonymous>.SchemaType.castForQuery (/home/peter/code/mosh/vidly-api/node_modules/mongoose/lib/schematype.js:1183:15)\n    at ObjectId.Object.<anonymous>.SchemaType.castForQueryWrapper (/home/peter/code/mosh/vidly-api/node_modules/mongoose/lib/schematype.js:1162:15)\n    at cast (/home/peter/code/mosh/vidly-api/node_modules/mongoose/lib/cast.js:306:32)\n    at model.Query.Object.<anonymous>.Query.cast (/home/peter/code/mosh/vidly-api/node_modules/mongoose/lib/query.js:4024:12)\n    at model.Query.Object.<anonymous>.Query._castConditions (/home/peter/code/mosh/vidly-api/node_modules/mongoose/lib/query.js:1690:10)\n    at model.Query.Object.<anonymous>.Query._findOne (/home/peter/code/mosh/vidly-api/node_modules/mongoose/lib/query.js:1926:8)\n    at process.nextTick (/home/peter/code/mosh/vidly-api/node_modules/kareem/index.js:369:33)\n    at process._tickCallback (internal/process/next_tick.js:61:11)","name":"CastError","stringValue":"\"1\"","kind":"ObjectId","value":"1","path":"_id","level":"error","timestamp":"2018-12-14T01:01:36.458Z"}
{"level":"info","message":"Listening on port 3000","timestamp":"2018-12-14T01:01:38.560Z"}
{"level":"info","message":"Connected to mongodb://localhost/vidly_tests...","timestamp":"2018-12-14T01:01:38.603Z"}
{"message":"Cast to ObjectId failed for value \"1\" at path \"_id\" for model \"Genre\"","stack":"CastError: Cast to ObjectId failed for value \"1\" at path \"_id\" for model \"Genre\"\n    at new CastError (/home/peter/code/mosh/vidly-api/node_modules/mongoose/lib/error/cast.js:29:11)\n    at ObjectId.Object.<anonymous>.ObjectId.cast (/home/peter/code/mosh/vidly-api/node_modules/mongoose/lib/schema/objectid.js:156:13)\n    at ObjectId.Object.<anonymous>.SchemaType.applySetters (/home/peter/code/mosh/vidly-api/node_modules/mongoose/lib/schematype.js:790:12)\n    at ObjectId.Object.<anonymous>.SchemaType._castForQuery (/home/peter/code/mosh/vidly-api/node_modules/mongoose/lib/schematype.js:1193:15)\n    at ObjectId.Object.<anonymous>.SchemaType.castForQuery (/home/peter/code/mosh/vidly-api/node_modules/mongoose/lib/schematype.js:1183:15)\n    at ObjectId.Object.<anonymous>.SchemaType.castForQueryWrapper (/home/peter/code/mosh/vidly-api/node_modules/mongoose/lib/schematype.js:1162:15)\n    at cast (/home/peter/code/mosh/vidly-api/node_modules/mongoose/lib/cast.js:306:32)\n    at model.Query.Object.<anonymous>.Query.cast (/home/peter/code/mosh/vidly-api/node_modules/mongoose/lib/query.js:4024:12)\n    at model.Query.Object.<anonymous>.Query._castConditions (/home/peter/code/mosh/vidly-api/node_modules/mongoose/lib/query.js:1690:10)\n    at model.Query.Object.<anonymous>.Query._findOne (/home/peter/code/mosh/vidly-api/node_modules/mongoose/lib/query.js:1926:8)\n    at process.nextTick (/home/peter/code/mosh/vidly-api/node_modules/kareem/index.js:369:33)\n    at process._tickCallback (internal/process/next_tick.js:61:11)","name":"CastError","stringValue":"\"1\"","kind":"ObjectId","value":"1","path":"_id","level":"error","timestamp":"2018-12-14T01:01:38.636Z"}
{"level":"info","message":"Listening on port 3000","timestamp":"2018-12-14T01:03:21.499Z"}
{"level":"info","message":"Connected to mongodb://localhost/vidly_tests...","timestamp":"2018-12-14T01:03:21.522Z"}
{"message":"Cast to ObjectId failed for value \"1\" at path \"_id\" for model \"Genre\"","stack":"CastError: Cast to ObjectId failed for value \"1\" at path \"_id\" for model \"Genre\"\n    at new CastError (/home/peter/code/mosh/vidly-api/node_modules/mongoose/lib/error/cast.js:29:11)\n    at ObjectId.Object.<anonymous>.ObjectId.cast (/home/peter/code/mosh/vidly-api/node_modules/mongoose/lib/schema/objectid.js:156:13)\n    at ObjectId.Object.<anonymous>.SchemaType.applySetters (/home/peter/code/mosh/vidly-api/node_modules/mongoose/lib/schematype.js:790:12)\n    at ObjectId.Object.<anonymous>.SchemaType._castForQuery (/home/peter/code/mosh/vidly-api/node_modules/mongoose/lib/schematype.js:1193:15)\n    at ObjectId.Object.<anonymous>.SchemaType.castForQuery (/home/peter/code/mosh/vidly-api/node_modules/mongoose/lib/schematype.js:1183:15)\n    at ObjectId.Object.<anonymous>.SchemaType.castForQueryWrapper (/home/peter/code/mosh/vidly-api/node_modules/mongoose/lib/schematype.js:1162:15)\n    at cast (/home/peter/code/mosh/vidly-api/node_modules/mongoose/lib/cast.js:306:32)\n    at model.Query.Object.<anonymous>.Query.cast (/home/peter/code/mosh/vidly-api/node_modules/mongoose/lib/query.js:4024:12)\n    at model.Query.Object.<anonymous>.Query._castConditions (/home/peter/code/mosh/vidly-api/node_modules/mongoose/lib/query.js:1690:10)\n    at model.Query.Object.<anonymous>.Query._findOne (/home/peter/code/mosh/vidly-api/node_modules/mongoose/lib/query.js:1926:8)\n    at process.nextTick (/home/peter/code/mosh/vidly-api/node_modules/kareem/index.js:369:33)\n    at process._tickCallback (internal/process/next_tick.js:61:11)","name":"CastError","stringValue":"\"1\"","kind":"ObjectId","value":"1","path":"_id","level":"error","timestamp":"2018-12-14T01:03:21.555Z"}
{"level":"info","message":"Listening on port 3000","timestamp":"2018-12-14T01:03:44.995Z"}
{"level":"info","message":"Connected to mongodb://localhost/vidly_tests...","timestamp":"2018-12-14T01:03:45.019Z"}
{"message":"Cast to ObjectId failed for value \"1\" at path \"_id\" for model \"Genre\"","stack":"CastError: Cast to ObjectId failed for value \"1\" at path \"_id\" for model \"Genre\"\n    at new CastError (/home/peter/code/mosh/vidly-api/node_modules/mongoose/lib/error/cast.js:29:11)\n    at ObjectId.Object.<anonymous>.ObjectId.cast (/home/peter/code/mosh/vidly-api/node_modules/mongoose/lib/schema/objectid.js:156:13)\n    at ObjectId.Object.<anonymous>.SchemaType.applySetters (/home/peter/code/mosh/vidly-api/node_modules/mongoose/lib/schematype.js:790:12)\n    at ObjectId.Object.<anonymous>.SchemaType._castForQuery (/home/peter/code/mosh/vidly-api/node_modules/mongoose/lib/schematype.js:1193:15)\n    at ObjectId.Object.<anonymous>.SchemaType.castForQuery (/home/peter/code/mosh/vidly-api/node_modules/mongoose/lib/schematype.js:1183:15)\n    at ObjectId.Object.<anonymous>.SchemaType.castForQueryWrapper (/home/peter/code/mosh/vidly-api/node_modules/mongoose/lib/schematype.js:1162:15)\n    at cast (/home/peter/code/mosh/vidly-api/node_modules/mongoose/lib/cast.js:306:32)\n    at model.Query.Object.<anonymous>.Query.cast (/home/peter/code/mosh/vidly-api/node_modules/mongoose/lib/query.js:4024:12)\n    at model.Query.Object.<anonymous>.Query._castConditions (/home/peter/code/mosh/vidly-api/node_modules/mongoose/lib/query.js:1690:10)\n    at model.Query.Object.<anonymous>.Query._findOne (/home/peter/code/mosh/vidly-api/node_modules/mongoose/lib/query.js:1926:8)\n    at process.nextTick (/home/peter/code/mosh/vidly-api/node_modules/kareem/index.js:369:33)\n    at process._tickCallback (internal/process/next_tick.js:61:11)","name":"CastError","stringValue":"\"1\"","kind":"ObjectId","value":"1","path":"_id","level":"error","timestamp":"2018-12-14T01:03:45.049Z"}
{"level":"info","message":"Listening on port 3000","timestamp":"2018-12-14T01:05:16.905Z"}
{"level":"info","message":"Connected to mongodb://localhost/vidly_tests...","timestamp":"2018-12-14T01:05:16.929Z"}
{"message":"Cast to ObjectId failed for value \"1\" at path \"_id\" for model \"Genre\"","stack":"CastError: Cast to ObjectId failed for value \"1\" at path \"_id\" for model \"Genre\"\n    at new CastError (/home/peter/code/mosh/vidly-api/node_modules/mongoose/lib/error/cast.js:29:11)\n    at ObjectId.Object.<anonymous>.ObjectId.cast (/home/peter/code/mosh/vidly-api/node_modules/mongoose/lib/schema/objectid.js:156:13)\n    at ObjectId.Object.<anonymous>.SchemaType.applySetters (/home/peter/code/mosh/vidly-api/node_modules/mongoose/lib/schematype.js:790:12)\n    at ObjectId.Object.<anonymous>.SchemaType._castForQuery (/home/peter/code/mosh/vidly-api/node_modules/mongoose/lib/schematype.js:1193:15)\n    at ObjectId.Object.<anonymous>.SchemaType.castForQuery (/home/peter/code/mosh/vidly-api/node_modules/mongoose/lib/schematype.js:1183:15)\n    at ObjectId.Object.<anonymous>.SchemaType.castForQueryWrapper (/home/peter/code/mosh/vidly-api/node_modules/mongoose/lib/schematype.js:1162:15)\n    at cast (/home/peter/code/mosh/vidly-api/node_modules/mongoose/lib/cast.js:306:32)\n    at model.Query.Object.<anonymous>.Query.cast (/home/peter/code/mosh/vidly-api/node_modules/mongoose/lib/query.js:4024:12)\n    at model.Query.Object.<anonymous>.Query._castConditions (/home/peter/code/mosh/vidly-api/node_modules/mongoose/lib/query.js:1690:10)\n    at model.Query.Object.<anonymous>.Query._findOne (/home/peter/code/mosh/vidly-api/node_modules/mongoose/lib/query.js:1926:8)\n    at process.nextTick (/home/peter/code/mosh/vidly-api/node_modules/kareem/index.js:369:33)\n    at process._tickCallback (internal/process/next_tick.js:61:11)","name":"CastError","stringValue":"\"1\"","kind":"ObjectId","value":"1","path":"_id","level":"error","timestamp":"2018-12-14T01:05:16.959Z"}
{"level":"info","message":"Listening on port 3000","timestamp":"2018-12-14T01:05:19.470Z"}
{"level":"info","message":"Connected to mongodb://localhost/vidly_tests...","timestamp":"2018-12-14T01:05:19.493Z"}
{"level":"info","message":"Listening on port 3000","timestamp":"2018-12-14T01:05:43.770Z"}
{"level":"info","message":"Connected to mongodb://localhost/vidly_tests...","timestamp":"2018-12-14T01:05:43.793Z"}
